<?xml version="1.0" encoding="UTF-8"?>
<!-- Generated by org.testng.reporters.JUnitReportReporter -->
<testsuite hostname="Cnu" name="com.DataDriven.NewTours_NewUserRegistration" tests="2" failures="0" timestamp="16 Feb 2019 06:27:42 GMT" time="6.175" errors="0">
  <testcase name="register" time="0.294" classname="com.DataDriven.NewTours_NewUserRegistration"/>
  <testcase name="aNewuserRegistration" time="5.881" classname="com.DataDriven.NewTours_NewUserRegistration"/>
</testsuite> <!-- com.DataDriven.NewTours_NewUserRegistration -->
