<?xml version="1.0" encoding="UTF-8"?>
<!-- Generated by org.testng.reporters.JUnitReportReporter -->
<testsuite hostname="Cnu" name="com.DataDriven.NewTours_LogInTest" tests="1" failures="0" timestamp="2 Mar 2019 06:26:37 GMT" time="16.549" errors="0">
  <testcase name="logIn" time="16.549" classname="com.DataDriven.NewTours_LogInTest"/>
</testsuite> <!-- com.DataDriven.NewTours_LogInTest -->
