<?xml version="1.0" encoding="UTF-8"?>
<!-- Generated by org.testng.reporters.JUnitReportReporter -->
<testsuite hostname="Cnu" name="com.DataDriven.NewTours_NewUserRegistration_TestData" tests="2" failures="0" timestamp="2 Mar 2019 06:26:37 GMT" time="10.375" errors="0">
  <testcase name="aNewuserRegistration" time="10.013" classname="com.DataDriven.NewTours_NewUserRegistration_TestData"/>
  <testcase name="register" time="0.362" classname="com.DataDriven.NewTours_NewUserRegistration_TestData"/>
</testsuite> <!-- com.DataDriven.NewTours_NewUserRegistration_TestData -->
