<?xml version="1.0" encoding="UTF-8"?>
<!-- Generated by org.testng.reporters.JUnitReportReporter -->
<testsuite hostname="Cnu" name="com.Annotations.Annotations3" tests="2" failures="0" timestamp="15 Feb 2019 06:29:22 GMT" time="0.016" errors="0">
  <testcase name="SentMail" time="0.000" classname="com.Annotations.Annotations3"/>
  <testcase name="inbox" time="0.016" classname="com.Annotations.Annotations3"/>
</testsuite> <!-- com.Annotations.Annotations3 -->
