<?xml version="1.0" encoding="UTF-8"?>
<!-- Generated by org.testng.reporters.JUnitReportReporter -->
<testsuite hostname="Cnu" name="com.AutoIt.FileUUpload" tests="1" failures="0" timestamp="1 Mar 2019 05:45:55 GMT" time="24.102" errors="0">
  <testcase name="fileUpload" time="24.102" classname="com.AutoIt.FileUUpload"/>
</testsuite> <!-- com.AutoIt.FileUUpload -->
