<?xml version="1.0" encoding="UTF-8"?>
<!-- Generated by org.testng.reporters.JUnitReportReporter -->
<testsuite hostname="Cnu" name="com.KeyWord.NewTours_LogInTest" tests="1" failures="0" timestamp="18 Feb 2019 09:13:17 GMT" time="23.917" errors="0">
  <testcase name="logIn" time="23.917" classname="com.KeyWord.NewTours_LogInTest"/>
</testsuite> <!-- com.KeyWord.NewTours_LogInTest -->
