<?xml version="1.0" encoding="UTF-8"?>
<!-- Generated by org.testng.reporters.JUnitReportReporter -->
<testsuite hostname="Cnu" name="com.GRID.OHRM_LogInTest" tests="2" failures="0" timestamp="23 Feb 2019 06:57:33 GMT" time="23.946" errors="0">
  <testcase name="logIn" time="13.567" classname="com.GRID.OHRM_LogInTest"/>
  <testcase name="logIn" time="10.379" classname="com.GRID.OHRM_LogInTest"/>
</testsuite> <!-- com.GRID.OHRM_LogInTest -->
