<?xml version="1.0" encoding="UTF-8"?>
<!-- Generated by org.testng.reporters.JUnitReportReporter -->
<testsuite hostname="Cnu" name="com.Annotations.Annotations1" tests="3" failures="0" timestamp="15 Feb 2019 06:04:59 GMT" time="0.041" errors="0">
  <testcase name="logIn" time="0.010" classname="com.Annotations.Annotations1"/>
  <testcase name="applicationLaunch" time="0.021" classname="com.Annotations.Annotations1"/>
  <testcase name="inbox" time="0.010" classname="com.Annotations.Annotations1"/>
</testsuite> <!-- com.Annotations.Annotations1 -->
