<?xml version="1.0" encoding="UTF-8"?>
<!-- Generated by org.testng.reporters.JUnitReportReporter -->
<testsuite hostname="Cnu" name="com.AutoIt.FileDownLoad" tests="1" failures="0" timestamp="1 Mar 2019 06:23:29 GMT" time="2.015" errors="0">
  <testcase name="fileDownload" time="2.015" classname="com.AutoIt.FileDownLoad"/>
</testsuite> <!-- com.AutoIt.FileDownLoad -->
