<?xml version="1.0" encoding="UTF-8"?>
<!-- Generated by org.testng.reporters.JUnitReportReporter -->
<testsuite hostname="Cnu" name="com.Annotations.Annotations2" tests="2" failures="0" timestamp="15 Feb 2019 06:17:33 GMT" time="0.000" errors="0">
  <testcase name="SentMail" time="0.000" classname="com.Annotations.Annotations2"/>
  <testcase name="inbox" time="0.000" classname="com.Annotations.Annotations2"/>
</testsuite> <!-- com.Annotations.Annotations2 -->
