<?xml version="1.0" encoding="UTF-8"?>
<!-- Generated by org.testng.reporters.JUnitReportReporter -->
<testsuite hostname="Cnu" name="com.TestCases.TC_101" tests="1" failures="0" timestamp="22 Feb 2019 06:16:33 GMT" time="42.072" errors="0">
  <testcase name="newTours_HomePage" time="42.072" classname="com.TestCases.TC_101"/>
</testsuite> <!-- com.TestCases.TC_101 -->
