<?xml version="1.0" encoding="UTF-8"?>
<!-- Generated by org.testng.reporters.JUnitReportReporter -->
<testsuite hostname="Cnu" name="com.OHRM.TestScripts.LogInTest" tests="1" failures="0" timestamp="21 Feb 2019 05:52:49 GMT" time="12.431" errors="0">
  <testcase name="logIn" time="12.431" classname="com.OHRM.TestScripts.LogInTest"/>
</testsuite> <!-- com.OHRM.TestScripts.LogInTest -->
