<?xml version="1.0" encoding="UTF-8"?>
<!-- Generated by org.testng.reporters.JUnitReportReporter -->
<testsuite skipped="0" hostname="Cnu" name="com.HandlingAlert.APSRTC_CheckAvailability__CLick" tests="1" failures="0" timestamp="26 Feb 2019 06:19:09 GMT" time="5.508" errors="0">
  <testcase name="handlingAlert" time="5.508" classname="com.HandlingAlert.APSRTC_CheckAvailability__CLick"/>
</testsuite> <!-- com.HandlingAlert.APSRTC_CheckAvailability__CLick -->
