<?xml version="1.0" encoding="UTF-8"?>
<!-- Generated by org.testng.reporters.JUnitReportReporter -->
<testsuite skipped="0" hostname="Cnu" name="com.OHRM.OHRM_LogInTest" tests="1" failures="0" timestamp="27 Feb 2019 05:45:59 GMT" time="3.112" errors="0">
  <testcase name="logIn" time="3.112" classname="com.OHRM.OHRM_LogInTest"/>
</testsuite> <!-- com.OHRM.OHRM_LogInTest -->
